Arguments: 
  /home/linuxbrew/.linuxbrew/Cellar/node/18.9.0/bin/node /home/linuxbrew/.linuxbrew/Cellar/yarn/1.22.19/libexec/bin/yarn.js build

PATH: 
  /home/firefly/Projects/JS/tick!/node_modules/.bin:/tmp/yarn--1674120881848-0.20685055604605607:/home/firefly/Projects/JS/tick!/node_modules/.bin:/home/firefly/.config/yarn/link/node_modules/.bin:/home/linuxbrew/.linuxbrew/Cellar/node/18.9.0/libexec/lib/node_modules/npm/bin/node-gyp-bin:/home/linuxbrew/.linuxbrew/Cellar/node/18.9.0/lib/node_modules/npm/bin/node-gyp-bin:/home/linuxbrew/.linuxbrew/Cellar/node/18.9.0/bin/node_modules/npm/bin/node-gyp-bin:/home/firefly/.bun/bin:/home/firefly/.wasmtime/bin:/home/firefly/.cabal/bin:/home/firefly/.ghcup/bin:/home/firefly/Downloads/GitStuff/swww/target/release:/home/firefly/Downloads/Plover:/home/firefly/Downloads/Zigmod:/home/firefly/.deta/bin:/home/firefly/.deno/bin:/home/firefly/.local/share/coursier/bin:/home/firefly/Downloads/Lite:/home/firefly/Downloads/GitStuff/uxn/bin/uxn:/home/firefly/Downloads/Ngrok:/home/linuxbrew/.linuxbrew/bin:/home/firefly/Downloads/Vlang/v:/home/firefly/.aspen/bin:/home/firefly/.nimble/bin:/home/firefly/go/bin:/home/firefly/.cargo/bin:/home/firefly/Downloads/Node16/node-v16.7.0-linux-x64/bin:/home/firefly/Downloads/GitStuff/pfetch:/home/firefly/Downloads/Alda:/home/firefly/.local/bin:/home/linuxbrew/.linuxbrew/lib/ruby/gems/3.1.0/bin:/home/firefly/.yarn/bin:/home/firefly/.nix-profile/bin:/nix/var/nix/profiles/default/bin:/usr/local/sbin:/usr/local/bin:/usr/sbin:/usr/bin:/sbin:/bin:/usr/games:/usr/local/games:/snap/bin:/snap/bin

Yarn version: 
  1.22.19

Node version: 
  18.9.0

Platform: 
  linux x64

Trace: 
  Error: EIO: i/o error, write
      at writeSync (node:fs:932:3)
      at SyncWriteStream._write (node:internal/fs/sync_write_stream:26:3)
      at writeOrBuffer (node:internal/streams/writable:392:12)
      at _write (node:internal/streams/writable:333:10)
      at Writable.write (node:internal/streams/writable:337:10)
      at ConsoleReporter._log (/home/linuxbrew/.linuxbrew/Cellar/yarn/1.22.19/libexec/lib/cli.js:92833:17)
      at ConsoleReporter.log (/home/linuxbrew/.linuxbrew/Cellar/yarn/1.22.19/libexec/lib/cli.js:92821:10)
      at ConsoleReporter.command (/home/linuxbrew/.linuxbrew/Cellar/yarn/1.22.19/libexec/lib/cli.js:92850:10)
      at /home/linuxbrew/.linuxbrew/Cellar/yarn/1.22.19/libexec/lib/cli.js:34401:16
      at Generator.next (<anonymous>)

npm manifest: 
  {
    "devDependencies": {
      "mithril": "^2.2.2"
    },
    "name": "tick!",
    "version": "1.0.0",
    "description": "How fast can you tick checkboxes?",
    "main": "index.js",
    "license": "MIT",
    "dependencies": {},
    "scripts": {
      "build": "esbuild --bundle index.js --outdir=dist --minify --sourcemap",
      "build-watch": "nodemon --exec yarn build -w index.js",
      "serve": "nodemon --exec serve"
    }
  }

yarn manifest: 
  No manifest

Lockfile: 
  # THIS IS AN AUTOGENERATED FILE. DO NOT EDIT THIS FILE DIRECTLY.
  # yarn lockfile v1
  
  
  balanced-match@^1.0.0:
    version "1.0.2"
    resolved "https://registry.yarnpkg.com/balanced-match/-/balanced-match-1.0.2.tgz#e83e3a7e3f300b34cb9d87f615fa0cbf357690ee"
    integrity sha512-3oSeUO0TMV67hN1AmbXsK4yaqU7tjiHlbxRDZOpH0KW9+CeX4bRAaX0Anxt0tx2MrpRpWwQaPwIlISEJhYU5Pw==
  
  brace-expansion@^1.1.7:
    version "1.1.11"
    resolved "https://registry.yarnpkg.com/brace-expansion/-/brace-expansion-1.1.11.tgz#3c7fcbf529d87226f3d2f52b966ff5271eb441dd"
    integrity sha512-iCuPHDFgrHX7H2vEI/5xpz07zSHB00TpugqhmYtVmMO6518mCuRMoOYFldEBl0g187ufozdaHgWKcYFb61qGiA==
    dependencies:
      balanced-match "^1.0.0"
      concat-map "0.0.1"
  
  concat-map@0.0.1:
    version "0.0.1"
    resolved "https://registry.yarnpkg.com/concat-map/-/concat-map-0.0.1.tgz#d8a96bd77fd68df7793a73036a3ba0d5405d477b"
    integrity sha512-/Srv4dswyQNBfohGpz9o6Yb3Gz3SrUDqBH5rTuhGR7ahtlbYKnVxw2bCFMRljaA7EXHaXZ8wsHdodFvbkhKmqg==
  
  fs.realpath@^1.0.0:
    version "1.0.0"
    resolved "https://registry.yarnpkg.com/fs.realpath/-/fs.realpath-1.0.0.tgz#1504ad2523158caa40db4a2787cb01411994ea4f"
    integrity sha512-OO0pH2lK6a0hZnAdau5ItzHPI6pUlvI7jMVnxUQRtw4owF2wk8lOSabtGDCTP4Ggrg2MbGnWO9X8K1t4+fGMDw==
  
  glob@^7.1.3:
    version "7.2.3"
    resolved "https://registry.yarnpkg.com/glob/-/glob-7.2.3.tgz#b8df0fb802bbfa8e89bd1d938b4e16578ed44f2b"
    integrity sha512-nFR0zLpU2YCaRxwoCJvL6UvCH2JFyFVIvwTLsIf21AuHlMskA1hhTdk+LlYJtOlYt9v6dvszD2BGRqBL+iQK9Q==
    dependencies:
      fs.realpath "^1.0.0"
      inflight "^1.0.4"
      inherits "2"
      minimatch "^3.1.1"
      once "^1.3.0"
      path-is-absolute "^1.0.0"
  
  inflight@^1.0.4:
    version "1.0.6"
    resolved "https://registry.yarnpkg.com/inflight/-/inflight-1.0.6.tgz#49bd6331d7d02d0c09bc910a1075ba8165b56df9"
    integrity sha512-k92I/b08q4wvFscXCLvqfsHCrjrF7yiXsQuIVvVE7N82W3+aqpzuUdBbfhWcy/FZR3/4IgflMgKLOsvPDrGCJA==
    dependencies:
      once "^1.3.0"
      wrappy "1"
  
  inherits@2:
    version "2.0.4"
    resolved "https://registry.yarnpkg.com/inherits/-/inherits-2.0.4.tgz#0fa2c64f932917c3433a0ded55363aae37416b7c"
    integrity sha512-k/vGaX4/Yla3WzyMCvTQOXYeIHvqOKtnqBduzTHpzpQZzAskKMhZ2K+EnBiSM9zGSoIFeMpXKxa4dYeZIQqewQ==
  
  minimatch@^3.1.1:
    version "3.1.2"
    resolved "https://registry.yarnpkg.com/minimatch/-/minimatch-3.1.2.tgz#19cd194bfd3e428f049a70817c038d89ab4be35b"
    integrity sha512-J7p63hRiAjw1NDEww1W7i37+ByIrOWO5XQQAzZ3VOcL0PNybwpfmV/N05zFAzwQ9USyEcX6t3UO+K5aqBQOIHw==
    dependencies:
      brace-expansion "^1.1.7"
  
  mithril@^2.2.2:
    version "2.2.2"
    resolved "https://registry.yarnpkg.com/mithril/-/mithril-2.2.2.tgz#5a0743bd04726cc1efa6e91477f995d80fc6c539"
    integrity sha512-YRm6eLv2UUaWaWHdH8L+desW9+DN7+oM34CxJv6tT2e1lNVue8bxQlknQeDRn9aKlO8sIujm2wqUHwM+Hb1wGQ==
    dependencies:
      ospec "4.0.0"
  
  once@^1.3.0:
    version "1.4.0"
    resolved "https://registry.yarnpkg.com/once/-/once-1.4.0.tgz#583b1aa775961d4b113ac17d9c50baef9dd76bd1"
    integrity sha512-lNaJgI+2Q5URQBkccEKHTQOPaXdUxnZZElQTZY0MFUAuaEqe1E+Nyvgdz/aIyNi6Z9MzO5dv1H8n58/GELp3+w==
    dependencies:
      wrappy "1"
  
  ospec@4.0.0:
    version "4.0.0"
    resolved "https://registry.yarnpkg.com/ospec/-/ospec-4.0.0.tgz#7aaf8cb6d352a3f22e879460eebbc5f12df99779"
    integrity sha512-MpDtkpscOxHYb4w71v7GB4LBsRuzxZnM+HdwjhzJQzu+5EJvA80yxTaKw+wp5Dmf5RV2/Bg3Uvz2vlI/PhW9Ow==
    dependencies:
      glob "^7.1.3"
  
  path-is-absolute@^1.0.0:
    version "1.0.1"
    resolved "https://registry.yarnpkg.com/path-is-absolute/-/path-is-absolute-1.0.1.tgz#174b9268735534ffbc7ace6bf53a5a9e1b5c5f5f"
    integrity sha512-AVbw3UJ2e9bq64vSaS9Am0fje1Pa8pbGqTTsmXfaIiMpnr5DlDhfJOuLj9Sf95ZPVDAUerDfEk88MPmPe7UCQg==
  
  wrappy@1:
    version "1.0.2"
    resolved "https://registry.yarnpkg.com/wrappy/-/wrappy-1.0.2.tgz#b5243d8f3ec1aa35f1364605bc0d1036e30ab69f"
    integrity sha512-l4Sp/DRseor9wL6EvV2+TuQn63dMkPjZ/sp9XkghTEbV9KlPS1xUsZ3u7/IQO4wxtcFB4bgpQPRcR3QCvezPcQ==
